<?xml version="1.0" encoding="UTF-8"?>
<!-- Generated by org.testng.reporters.JUnitXMLReporter -->
<testsuite ignored="0" hostname="RAVI" failures="0" tests="4" name="Default test" time="5.753" errors="0" timestamp="2023-08-04T09:29:02 IST">
  <testcase classname="MainProject.ApiTest" name="testDeleteMethod" time="3.177"/>
  <testcase classname="MainProject.ApiTest" name="testGetMethod" time="0.995"/>
  <testcase classname="MainProject.ApiTest" name="testPostMethod" time="0.647"/>
  <testcase classname="MainProject.ApiTest" name="testPutMethod" time="0.593"/>
</testsuite> <!-- Default test -->
