<?xml version="1.0" encoding="UTF-8"?>
<testng-results ignored="0" total="8" passed="8" failed="0" skipped="0">
  <reporter-output>
  </reporter-output>
  <suite started-at="2023-08-08T09:00:37 IST" name="ParallelTestSuites" finished-at="2023-08-08T09:00:41 IST" duration-ms="4273">
    <groups>
    </groups>
    <test started-at="2023-08-08T09:00:37 IST" name="Day09" finished-at="2023-08-08T09:00:40 IST" duration-ms="3581">
      <class name="Day09.DeleteExample">
        <test-method signature="DeleteTest()[pri:0, instance:Day09.DeleteExample@3febb011]" started-at="2023-08-08T09:00:40 IST" name="DeleteTest" finished-at="2023-08-08T09:00:40 IST" duration-ms="386" status="PASS">
          <reporter-output>
          </reporter-output>
        </test-method> <!-- DeleteTest -->
      </class> <!-- Day09.DeleteExample -->
      <class name="Day09.PutExample">
        <test-method signature="updateResoure()[pri:0, instance:Day09.PutExample@74fe5c40]" started-at="2023-08-08T09:00:40 IST" name="updateResoure" finished-at="2023-08-08T09:00:40 IST" duration-ms="411" status="PASS">
          <reporter-output>
          </reporter-output>
        </test-method> <!-- updateResoure -->
      </class> <!-- Day09.PutExample -->
      <class name="Day09.PostExample">
        <test-method signature="createResource()[pri:0, instance:Day09.PostExample@436813f3]" started-at="2023-08-08T09:00:39 IST" name="createResource" finished-at="2023-08-08T09:00:40 IST" duration-ms="407" status="PASS">
          <reporter-output>
          </reporter-output>
        </test-method> <!-- createResource -->
      </class> <!-- Day09.PostExample -->
      <class name="Day09.GetExample">
        <test-method signature="getResource()[pri:0, instance:Day09.GetExample@8f4ea7c]" started-at="2023-08-08T09:00:37 IST" name="getResource" finished-at="2023-08-08T09:00:39 IST" duration-ms="2338" status="PASS">
          <reporter-output>
          </reporter-output>
        </test-method> <!-- getResource -->
      </class> <!-- Day09.GetExample -->
    </test> <!-- Day09 -->
    <test started-at="2023-08-08T09:00:37 IST" name="MainProject" finished-at="2023-08-08T09:00:41 IST" duration-ms="4273">
      <class name="MainProject.ApiTest">
        <test-method is-config="true" signature="setUp()[pri:0, instance:MainProject.ApiTest@2f7298b]" started-at="2023-08-08T09:00:37 IST" name="setUp" finished-at="2023-08-08T09:00:37 IST" duration-ms="151" status="PASS">
          <reporter-output>
          </reporter-output>
        </test-method> <!-- setUp -->
        <test-method signature="testDeleteMethod()[pri:0, instance:MainProject.ApiTest@2f7298b]" started-at="2023-08-08T09:00:37 IST" name="testDeleteMethod" finished-at="2023-08-08T09:00:39 IST" duration-ms="2204" status="PASS">
          <reporter-output>
          </reporter-output>
        </test-method> <!-- testDeleteMethod -->
        <test-method is-config="true" signature="tearDown()[pri:0, instance:MainProject.ApiTest@2f7298b]" started-at="2023-08-08T09:00:39 IST" name="tearDown" finished-at="2023-08-08T09:00:39 IST" duration-ms="11" status="PASS">
          <reporter-output>
          </reporter-output>
        </test-method> <!-- tearDown -->
        <test-method signature="testGetMethod()[pri:0, instance:MainProject.ApiTest@2f7298b]" started-at="2023-08-08T09:00:39 IST" name="testGetMethod" finished-at="2023-08-08T09:00:40 IST" duration-ms="1015" status="PASS">
          <reporter-output>
          </reporter-output>
        </test-method> <!-- testGetMethod -->
        <test-method is-config="true" signature="setUp()[pri:0, instance:MainProject.ApiTest@2f7298b]" started-at="2023-08-08T09:00:39 IST" name="setUp" finished-at="2023-08-08T09:00:39 IST" duration-ms="0" status="PASS">
          <reporter-output>
          </reporter-output>
        </test-method> <!-- setUp -->
        <test-method is-config="true" signature="tearDown()[pri:0, instance:MainProject.ApiTest@2f7298b]" started-at="2023-08-08T09:00:40 IST" name="tearDown" finished-at="2023-08-08T09:00:40 IST" duration-ms="0" status="PASS">
          <reporter-output>
          </reporter-output>
        </test-method> <!-- tearDown -->
        <test-method signature="testPostMethod()[pri:0, instance:MainProject.ApiTest@2f7298b]" started-at="2023-08-08T09:00:40 IST" name="testPostMethod" finished-at="2023-08-08T09:00:41 IST" duration-ms="431" status="PASS">
          <reporter-output>
          </reporter-output>
        </test-method> <!-- testPostMethod -->
        <test-method is-config="true" signature="setUp()[pri:0, instance:MainProject.ApiTest@2f7298b]" started-at="2023-08-08T09:00:40 IST" name="setUp" finished-at="2023-08-08T09:00:40 IST" duration-ms="0" status="PASS">
          <reporter-output>
          </reporter-output>
        </test-method> <!-- setUp -->
        <test-method is-config="true" signature="tearDown()[pri:0, instance:MainProject.ApiTest@2f7298b]" started-at="2023-08-08T09:00:41 IST" name="tearDown" finished-at="2023-08-08T09:00:41 IST" duration-ms="0" status="PASS">
          <reporter-output>
          </reporter-output>
        </test-method> <!-- tearDown -->
        <test-method signature="testPutMethod()[pri:0, instance:MainProject.ApiTest@2f7298b]" started-at="2023-08-08T09:00:41 IST" name="testPutMethod" finished-at="2023-08-08T09:00:41 IST" duration-ms="423" status="PASS">
          <reporter-output>
          </reporter-output>
        </test-method> <!-- testPutMethod -->
        <test-method is-config="true" signature="setUp()[pri:0, instance:MainProject.ApiTest@2f7298b]" started-at="2023-08-08T09:00:41 IST" name="setUp" finished-at="2023-08-08T09:00:41 IST" duration-ms="0" status="PASS">
          <reporter-output>
          </reporter-output>
        </test-method> <!-- setUp -->
        <test-method is-config="true" signature="tearDown()[pri:0, instance:MainProject.ApiTest@2f7298b]" started-at="2023-08-08T09:00:41 IST" name="tearDown" finished-at="2023-08-08T09:00:41 IST" duration-ms="0" status="PASS">
          <reporter-output>
          </reporter-output>
        </test-method> <!-- tearDown -->
      </class> <!-- MainProject.ApiTest -->
    </test> <!-- MainProject -->
  </suite> <!-- ParallelTestSuites -->
</testng-results>
