<?xml version="1.0" encoding="UTF-8"?>
<!-- Generated by org.testng.reporters.JUnitXMLReporter -->
<testsuite ignored="0" hostname="RAVI" failures="0" tests="4" name="RestAssuredRequests" time="4.204" errors="0" timestamp="2023-07-18T09:58:23 IST">
  <testcase classname="MainProject.RestAssuredRequests" name="@AfterClass teardown" time="0.001">
    <failure type="java.lang.Error" message="Unresolved compilation problem: 
	The method close() is undefined for the type ExtentReports
">
      <![CDATA[java.lang.Error: Unresolved compilation problem: 
The method close() is undefined for the type ExtentReports

at MainProject.RestAssuredRequests.teardown(RestAssuredRequests.java:138)
at java.base/java.util.ArrayList.forEach(ArrayList.java:1511)
... Removed 23 stack frames]]>
    </failure>
  </testcase> <!-- @AfterClass teardown -->
  <testcase classname="MainProject.RestAssuredRequests" name="postRequest" time="2.304"/>
  <testcase classname="MainProject.RestAssuredRequests" name="putRequest" time="0.501"/>
  <testcase classname="MainProject.RestAssuredRequests" name="getRequest" time="0.223"/>
  <testcase classname="MainProject.RestAssuredRequests" name="deleteRequest" time="0.4"/>
</testsuite> <!-- RestAssuredRequests -->
