<?xml version="1.0" encoding="UTF-8"?>
<!-- Generated by org.testng.reporters.JUnitXMLReporter -->
<testsuite ignored="0" hostname="RAVI" failures="0" tests="4" name="ApiTests" time="5.936" errors="0" timestamp="2023-08-04T09:29:41 IST">
  <testcase classname="MainProject.ApiTest" name="testDeleteMethod" time="3.169"/>
  <testcase classname="MainProject.ApiTest" name="testGetMethod" time="1.272"/>
  <testcase classname="MainProject.ApiTest" name="testPostMethod" time="0.602"/>
  <testcase classname="MainProject.ApiTest" name="testPutMethod" time="0.583"/>
</testsuite> <!-- ApiTests -->
