<?xml version="1.0" encoding="UTF-8"?>
<!-- Generated by org.testng.reporters.JUnitXMLReporter -->
<testsuite ignored="0" hostname="RAVI" failures="0" tests="4" name="Day09" time="3.581" errors="0" timestamp="2023-08-08T09:00:41 IST">
  <testcase classname="Day09.GetExample" name="getResource" time="2.338"/>
  <testcase classname="Day09.PostExample" name="createResource" time="0.407"/>
  <testcase classname="Day09.PutExample" name="updateResoure" time="0.411"/>
  <testcase classname="Day09.DeleteExample" name="DeleteTest" time="0.386"/>
</testsuite> <!-- Day09 -->
