<?xml version="1.0" encoding="UTF-8"?>
<!-- Generated by org.testng.reporters.JUnitXMLReporter -->
<testsuite ignored="0" hostname="RAVI" failures="0" tests="4" name="MainProject" time="4.273" errors="0" timestamp="2023-08-08T09:00:41 IST">
  <testcase classname="MainProject.ApiTest" name="testDeleteMethod" time="2.204"/>
  <testcase classname="MainProject.ApiTest" name="testGetMethod" time="1.015"/>
  <testcase classname="MainProject.ApiTest" name="testPostMethod" time="0.431"/>
  <testcase classname="MainProject.ApiTest" name="testPutMethod" time="0.423"/>
</testsuite> <!-- MainProject -->
